<?xml version="1.0" encoding="utf-8"?><testsuites name="pytest tests"><testsuite name="pytest" errors="0" failures="0" skipped="0" tests="5" time="1.397" timestamp="2026-08-24T05:16:56.699965+00:00" hostname="agent-env-d30123fa-c90c-4b6a-ba69-d2e656d6f4b8"><testcase classname="tests.backend_test" name="test_api_root_is_reachable" time="0.313" /><testcase classname="tests.backend_test" name="test_create_inquiry_returns_success_response" time="0.110" /><testcase classname="tests.backend_test" name="test_inquiry_rejects_missing_required_fields" time="0.104" /><testcase classname="tests.backend_test" name="test_inquiry_rejects_invalid_email_format" time="0.104" /><testcase classname="tests.backend_test" name="test_status_create_and_list" time="0.221" /></testsuite></testsuites>