<?xml version="1.0" encoding="utf-8"?><testsuites name="pytest tests"><testsuite name="pytest" errors="0" failures="0" skipped="0" tests="4" time="1.522" timestamp="2026-08-24T05:14:56.519503+00:00" hostname="agent-env-d30123fa-c90c-4b6a-ba69-d2e656d6f4b8"><testcase classname="tests.backend_test" name="test_api_root_is_reachable" time="0.331" /><testcase classname="tests.backend_test" name="test_create_inquiry_returns_success_response" time="0.138" /><testcase classname="tests.backend_test" name="test_inquiry_rejects_missing_required_fields" time="0.175" /><testcase classname="tests.backend_test" name="test_status_create_and_list" time="0.355" /></testsuite></testsuites>